# JRE version: Java(TM) SE Runtime Environment (8.0_144-b01) (build 1.8.0_144-b01)
# Java VM: Java HotSpot(TM) Client VM (25.144-b01 mixed mode windows-x86 )
Heap:
 def new generation   total 31168K, used 12525K [0x04800000, 0x069d0000, 0x09d50000)
  eden space 27712K,  44% used [0x04800000, 0x05427768, 0x06310000)
  from space 3456K,   2% used [0x06310000, 0x06323cf8, 0x06670000)
  to   space 3456K,   0% used [0x06670000, 0x06670000, 0x069d0000)
 tenured generation   total 69200K, used 66484K [0x09d50000, 0x0e0e4000, 0x14800000)
   the space 69200K,  96% used [0x09d50000, 0x0de3d150, 0x0de3d200, 0x0e0e4000)
 Metaspace       used 39405K, capacity 39861K, committed 40192K, reserved 40320K
GC Heap History (10 events):
Event: 41890.531 GC heap before
{Heap before GC invocations=482 (full 21):
 def new generation   total 31168K, used 27712K [0x04800000, 0x069d0000, 0x09d50000)
  eden space 27712K, 100% used [0x04800000, 0x06310000, 0x06310000)
  from space 3456K,   0% used [0x06670000, 0x06670000, 0x069d0000)
  to   space 3456K,   0% used [0x06310000, 0x06310000, 0x06670000)
 tenured generation   total 69200K, used 38056K [0x09d50000, 0x0e0e4000, 0x14800000)
   the space 69200K,  54% used [0x09d50000, 0x0c27a180, 0x0c27a200, 0x0e0e4000)
 Metaspace       used 39405K, capacity 39861K, committed 40192K, reserved 40320K
Event: 41890.536 GC heap after
Heap after GC invocations=483 (full 21):
 def new generation   total 31168K, used 285K [0x04800000, 0x069d0000, 0x09d50000)
  eden space 27712K,   0% used [0x04800000, 0x04800000, 0x06310000)
  from space 3456K,   8% used [0x06310000, 0x063577c0, 0x06670000)
  to   space 3456K,   0% used [0x06670000, 0x06670000, 0x069d0000)
 tenured generation   total 69200K, used 47118K [0x09d50000, 0x0e0e4000, 0x14800000)
   the space 69200K,  68% used [0x09d50000, 0x0cb53910, 0x0cb53a00, 0x0e0e4000)
 Metaspace       used 39405K, capacity 39861K, committed 40192K, reserved 40320K
}
Event: 41890.871 GC heap before
{Heap before GC invocations=483 (full 21):
 def new generation   total 31168K, used 23300K [0x04800000, 0x069d0000, 0x09d50000)
  eden space 27712K,  83% used [0x04800000, 0x05e79a20, 0x06310000)
  from space 3456K,   8% used [0x06310000, 0x063577c0, 0x06670000)
  to   space 3456K,   0% used [0x06670000, 0x06670000, 0x069d0000)
 tenured generation   total 69200K, used 47118K [0x09d50000, 0x0e0e4000, 0x14800000)
   the space 69200K,  68% used [0x09d50000, 0x0cb53910, 0x0cb53a00, 0x0e0e4000)
 Metaspace       used 39405K, capacity 39861K, committed 40192K, reserved 40320K
Event: 41890.874 GC heap after
Heap after GC invocations=484 (full 21):
 def new generation   total 31168K, used 325K [0x04800000, 0x069d0000, 0x09d50000)
  eden space 27712K,   0% used [0x04800000, 0x04800000, 0x06310000)
  from space 3456K,   9% used [0x06670000, 0x066c16c0, 0x069d0000)
  to   space 3456K,   0% used [0x06310000, 0x06310000, 0x06670000)
 tenured generation   total 69200K, used 47118K [0x09d50000, 0x0e0e4000, 0x14800000)
   the space 69200K,  68% used [0x09d50000, 0x0cb53910, 0x0cb53a00, 0x0e0e4000)
 Metaspace       used 39405K, capacity 39861K, committed 40192K, reserved 40320K
}
Event: 41890.925 GC heap before
{Heap before GC invocations=484 (full 21):
 def new generation   total 31168K, used 21028K [0x04800000, 0x069d0000, 0x09d50000)
  eden space 27712K,  74% used [0x04800000, 0x05c379b8, 0x06310000)
  from space 3456K,   9% used [0x06670000, 0x066c16c0, 0x069d0000)
  to   space 3456K,   0% used [0x06310000, 0x06310000, 0x06670000)
 tenured generation   total 69200K, used 47118K [0x09d50000, 0x0e0e4000, 0x14800000)
   the space 69200K,  68% used [0x09d50000, 0x0cb53910, 0x0cb53a00, 0x0e0e4000)
 Metaspace       used 39405K, capacity 39861K, committed 40192K, reserved 40320K
Event: 41890.930 GC heap after
Heap after GC invocations=485 (full 21):
 def new generation   total 31168K, used 322K [0x04800000, 0x069d0000, 0x09d50000)
  eden space 27712K,   0% used [0x04800000, 0x04800000, 0x06310000)
  from space 3456K,   9% used [0x06310000, 0x06360810, 0x06670000)
  to   space 3456K,   0% used [0x06670000, 0x06670000, 0x069d0000)
 tenured generation   total 69200K, used 57376K [0x09d50000, 0x0e0e4000, 0x14800000)
   the space 69200K,  82% used [0x09d50000, 0x0d558020, 0x0d558200, 0x0e0e4000)
 Metaspace       used 39405K, capacity 39861K, committed 40192K, reserved 40320K
}
Event: 41891.129 GC heap before
{Heap before GC invocations=485 (full 21):
 def new generation   total 31168K, used 28029K [0x04800000, 0x069d0000, 0x09d50000)
  eden space 27712K,  99% used [0x04800000, 0x0630ec28, 0x06310000)
  from space 3456K,   9% used [0x06310000, 0x06360810, 0x06670000)
  to   space 3456K,   0% used [0x06670000, 0x06670000, 0x069d0000)
 tenured generation   total 69200K, used 57376K [0x09d50000, 0x0e0e4000, 0x14800000)
   the space 69200K,  82% used [0x09d50000, 0x0d558020, 0x0d558200, 0x0e0e4000)
 Metaspace       used 39405K, capacity 39861K, committed 40192K, reserved 40320K
Event: 41891.134 GC heap after
Heap after GC invocations=486 (full 21):
 def new generation   total 31168K, used 199K [0x04800000, 0x069d0000, 0x09d50000)
  eden space 27712K,   0% used [0x04800000, 0x04800000, 0x06310000)
  from space 3456K,   5% used [0x06670000, 0x066a1fd8, 0x069d0000)
  to   space 3456K,   0% used [0x06310000, 0x06310000, 0x06670000)
 tenured generation   total 69200K, used 66484K [0x09d50000, 0x0e0e4000, 0x14800000)
   the space 69200K,  96% used [0x09d50000, 0x0de3d150, 0x0de3d200, 0x0e0e4000)
 Metaspace       used 39405K, capacity 39861K, committed 40192K, reserved 40320K
}
Event: 43520.865 GC heap before
{Heap before GC invocations=486 (full 21):
 def new generation   total 31168K, used 27911K [0x04800000, 0x069d0000, 0x09d50000)
  eden space 27712K, 100% used [0x04800000, 0x06310000, 0x06310000)
  from space 3456K,   5% used [0x06670000, 0x066a1fd8, 0x069d0000)
  to   space 3456K,   0% used [0x06310000, 0x06310000, 0x06670000)
 tenured generation   total 69200K, used 66484K [0x09d50000, 0x0e0e4000, 0x14800000)
   the space 69200K,  96% used [0x09d50000, 0x0de3d150, 0x0de3d200, 0x0e0e4000)
 Metaspace       used 39405K, capacity 39861K, committed 40192K, reserved 40320K
Event: 43520.872 GC heap after
Heap after GC invocations=487 (full 21):
 def new generation   total 31168K, used 79K [0x04800000, 0x069d0000, 0x09d50000)
  eden space 27712K,   0% used [0x04800000, 0x04800000, 0x06310000)
  from space 3456K,   2% used [0x06310000, 0x06323cf8, 0x06670000)
  to   space 3456K,   0% used [0x06670000, 0x06670000, 0x069d0000)
 tenured generation   total 69200K, used 66484K [0x09d50000, 0x0e0e4000, 0x14800000)
   the space 69200K,  96% used [0x09d50000, 0x0de3d150, 0x0de3d200, 0x0e0e4000)
 Metaspace       used 39405K, capacity 39861K, committed 40192K, reserved 40320K
}

